  [1m[35m (181.6ms)[0m  [1m[35mCREATE DATABASE "gitbook_development" ENCODING = 'unicode'[0m
  [1m[35m (84.1ms)[0m  [1m[35mCREATE DATABASE "gitbook_test" ENCODING = 'unicode'[0m
  [1m[35m (29.5ms)[0m  [1m[35mCREATE TABLE "schema_migrations" ("version" character varying NOT NULL PRIMARY KEY)[0m
  [1m[35m (6.0ms)[0m  [1m[35mCREATE TABLE "ar_internal_metadata" ("key" character varying NOT NULL PRIMARY KEY, "value" character varying, "created_at" timestamp(6) NOT NULL, "updated_at" timestamp(6) NOT NULL)[0m
  [1m[35m (11.9ms)[0m  [1m[34mSELECT pg_try_advisory_lock(4869053397680650290)[0m
  [1m[35m (0.6ms)[0m  [1m[34mSELECT "schema_migrations"."version" FROM "schema_migrations" ORDER BY "schema_migrations"."version" ASC[0m
Migrating to CreateClients (20210329200209)
  [1m[36mTRANSACTION (4.8ms)[0m  [1m[35mBEGIN[0m
  [1m[35m (11.7ms)[0m  [1m[35mCREATE TABLE "clients" ("id" bigserial primary key, "first_name" character varying, "last_name" character varying, "location" character varying, "username" character varying, "created_at" timestamp(6) NOT NULL, "updated_at" timestamp(6) NOT NULL)[0m
  [1m[36mActiveRecord::SchemaMigration Create (4.3ms)[0m  [1m[32mINSERT INTO "schema_migrations" ("version") VALUES ($1) RETURNING "version"[0m  [["version", "20210329200209"]]
  [1m[36mTRANSACTION (0.6ms)[0m  [1m[35mCOMMIT[0m
Migrating to CreateGitUsers (20210329200423)
  [1m[36mTRANSACTION (0.6ms)[0m  [1m[35mBEGIN[0m
  [1m[35m (7.6ms)[0m  [1m[35mCREATE TABLE "git_users" ("id" bigserial primary key, "github_id" integer, "login" character varying, "name" character varying, "avatar_url" character varying, "bio" character varying, "location" character varying, "site_admin" boolean, "hireable" boolean, "public_repos" integer, "followers" integer, "following" integer, "created_at" timestamp(6) NOT NULL, "updated_at" timestamp(6) NOT NULL)[0m
  [1m[36mActiveRecord::SchemaMigration Create (0.8ms)[0m  [1m[32mINSERT INTO "schema_migrations" ("version") VALUES ($1) RETURNING "version"[0m  [["version", "20210329200423"]]
  [1m[36mTRANSACTION (0.7ms)[0m  [1m[35mCOMMIT[0m
Migrating to CreateRepositories (20210329201032)
  [1m[36mTRANSACTION (0.4ms)[0m  [1m[35mBEGIN[0m
  [1m[35m (13.4ms)[0m  [1m[35mCREATE TABLE "repositories" ("id" bigserial primary key, "repo_id" integer, "description" character varying, "html_url" character varying, "language" character varying, "size" integer, "forks_count" integer, "commits" integer, "last_commit_date" timestamp, "watchers" integer, "stargazers_count" integer, "created_at" timestamp(6) NOT NULL, "updated_at" timestamp(6) NOT NULL)[0m
  [1m[36mActiveRecord::SchemaMigration Create (0.4ms)[0m  [1m[32mINSERT INTO "schema_migrations" ("version") VALUES ($1) RETURNING "version"[0m  [["version", "20210329201032"]]
  [1m[36mTRANSACTION (0.8ms)[0m  [1m[35mCOMMIT[0m
Migrating to CreateGitUserClients (20210329201133)
  [1m[36mTRANSACTION (0.6ms)[0m  [1m[35mBEGIN[0m
  [1m[35m (7.7ms)[0m  [1m[35mCREATE TABLE "git_user_clients" ("id" bigserial primary key, "client_id" bigint NOT NULL, "git_user_id" bigint NOT NULL, "created_at" timestamp(6) NOT NULL, "updated_at" timestamp(6) NOT NULL, CONSTRAINT "fk_rails_455a451382"
FOREIGN KEY ("client_id")
  REFERENCES "clients" ("id")
, CONSTRAINT "fk_rails_60b7d992ef"
FOREIGN KEY ("git_user_id")
  REFERENCES "git_users" ("id")
)[0m
  [1m[35m (1.1ms)[0m  [1m[35mCREATE INDEX "index_git_user_clients_on_client_id" ON "git_user_clients" ("client_id")[0m
  [1m[35m (1.4ms)[0m  [1m[35mCREATE INDEX "index_git_user_clients_on_git_user_id" ON "git_user_clients" ("git_user_id")[0m
  [1m[36mActiveRecord::SchemaMigration Create (0.5ms)[0m  [1m[32mINSERT INTO "schema_migrations" ("version") VALUES ($1) RETURNING "version"[0m  [["version", "20210329201133"]]
  [1m[36mTRANSACTION (0.7ms)[0m  [1m[35mCOMMIT[0m
  [1m[36mActiveRecord::InternalMetadata Load (0.6ms)[0m  [1m[34mSELECT "ar_internal_metadata".* FROM "ar_internal_metadata" WHERE "ar_internal_metadata"."key" = $1 LIMIT $2[0m  [["key", "environment"], ["LIMIT", 1]]
  [1m[36mTRANSACTION (0.2ms)[0m  [1m[35mBEGIN[0m
  [1m[36mActiveRecord::InternalMetadata Create (1.4ms)[0m  [1m[32mINSERT INTO "ar_internal_metadata" ("key", "value", "created_at", "updated_at") VALUES ($1, $2, $3, $4) RETURNING "key"[0m  [["key", "environment"], ["value", "development"], ["created_at", "2021-03-29 20:18:36.483625"], ["updated_at", "2021-03-29 20:18:36.483625"]]
  [1m[36mTRANSACTION (0.5ms)[0m  [1m[35mCOMMIT[0m
  [1m[35m (0.3ms)[0m  [1m[34mSELECT pg_advisory_unlock(4869053397680650290)[0m
  [1m[35m (1.0ms)[0m  [1m[34mSELECT "schema_migrations"."version" FROM "schema_migrations" ORDER BY "schema_migrations"."version" ASC[0m
  [1m[35m (0.1ms)[0m  [1m[34mSELECT pg_try_advisory_lock(4869053397680650290)[0m
  [1m[35m (1.0ms)[0m  [1m[34mSELECT "schema_migrations"."version" FROM "schema_migrations" ORDER BY "schema_migrations"."version" ASC[0m
Migrating to CreateRepositories (20210329201032)
  [1m[36mTRANSACTION (0.2ms)[0m  [1m[35mBEGIN[0m
  [1m[35m (10.2ms)[0m  [1m[35mDROP TABLE "repositories"[0m
  [1m[36mActiveRecord::SchemaMigration Destroy (6.4ms)[0m  [1m[31mDELETE FROM "schema_migrations" WHERE "schema_migrations"."version" = $1[0m  [["version", "20210329201032"]]
  [1m[36mTRANSACTION (5.3ms)[0m  [1m[35mCOMMIT[0m
  [1m[35m (0.2ms)[0m  [1m[34mSELECT pg_advisory_unlock(4869053397680650290)[0m
  [1m[35m (0.8ms)[0m  [1m[34mSELECT "schema_migrations"."version" FROM "schema_migrations" ORDER BY "schema_migrations"."version" ASC[0m
  [1m[35m (0.7ms)[0m  [1m[34mSELECT "schema_migrations"."version" FROM "schema_migrations" ORDER BY "schema_migrations"."version" ASC[0m
  [1m[35m (0.2ms)[0m  [1m[34mSELECT pg_try_advisory_lock(4869053397680650290)[0m
  [1m[35m (0.4ms)[0m  [1m[34mSELECT "schema_migrations"."version" FROM "schema_migrations" ORDER BY "schema_migrations"."version" ASC[0m
Migrating to CreateRepositories (20210329212003)
  [1m[36mTRANSACTION (0.3ms)[0m  [1m[35mBEGIN[0m
  [1m[35m (5.0ms)[0m  [1m[35mCREATE TABLE "repositories" ("id" bigserial primary key, "git_user_id" bigint NOT NULL, "repo_id" integer, "description" character varying, "html_url" character varying, "language" character varying, "size" integer, "forks_count" integer, "commits" integer, "last_commit_date" timestamp, "watchers" integer, "stargazers_count" integer, "created_at" timestamp(6) NOT NULL, "updated_at" timestamp(6) NOT NULL, CONSTRAINT "fk_rails_3d49481a60"
FOREIGN KEY ("git_user_id")
  REFERENCES "git_users" ("id")
)[0m
  [1m[35m (1.4ms)[0m  [1m[35mCREATE INDEX "index_repositories_on_git_user_id" ON "repositories" ("git_user_id")[0m
  [1m[36mActiveRecord::SchemaMigration Create (0.6ms)[0m  [1m[32mINSERT INTO "schema_migrations" ("version") VALUES ($1) RETURNING "version"[0m  [["version", "20210329212003"]]
  [1m[36mTRANSACTION (0.7ms)[0m  [1m[35mCOMMIT[0m
  [1m[36mActiveRecord::InternalMetadata Load (3.7ms)[0m  [1m[34mSELECT "ar_internal_metadata".* FROM "ar_internal_metadata" WHERE "ar_internal_metadata"."key" = $1 LIMIT $2[0m  [["key", "environment"], ["LIMIT", 1]]
  [1m[35m (0.3ms)[0m  [1m[34mSELECT pg_advisory_unlock(4869053397680650290)[0m
  [1m[35m (0.9ms)[0m  [1m[34mSELECT "schema_migrations"."version" FROM "schema_migrations" ORDER BY "schema_migrations"."version" ASC[0m
Started GET "/login" for ::1 at 2021-03-30 14:43:21 -0400
  [1m[35m (1.3ms)[0m  [1m[34mSELECT "schema_migrations"."version" FROM "schema_migrations" ORDER BY "schema_migrations"."version" ASC[0m
  
ActionController::RoutingError (No route matches [GET] "/login"):
  
Started GET "/" for ::1 at 2021-03-30 14:43:22 -0400
Processing by Rails::WelcomeController#index as HTML
  Rendering /Users/Jpham1109/.rvm/gems/ruby-2.6.1/gems/railties-6.1.3.1/lib/rails/templates/rails/welcome/index.html.erb
  Rendered /Users/Jpham1109/.rvm/gems/ruby-2.6.1/gems/railties-6.1.3.1/lib/rails/templates/rails/welcome/index.html.erb (Duration: 12.2ms | Allocations: 196)
Completed 200 OK in 47ms (Views: 14.9ms | ActiveRecord: 0.0ms | Allocations: 2291)


Started GET "/clients" for ::1 at 2021-03-30 14:43:28 -0400
  
ActionController::RoutingError (No route matches [GET] "/clients"):
  
Started POST "/clients?first_name=%22Jamie%22&last_name=%22Pham%22&username=%22ninjacat%22&location=%22Brooklyn,%20NY%22" for ::1 at 2021-03-30 14:56:22 -0400
Processing by ClientsController#create as */*
  Parameters: {"first_name"=>"\"Jamie\"", "last_name"=>"\"Pham\"", "username"=>"\"ninjacat\"", "location"=>"\"Brooklyn, NY\""}
[31mUnpermitted parameter: :username[0m
  [1m[36mTRANSACTION (0.3ms)[0m  [1m[35mBEGIN[0m
  ↳ app/controllers/clients_controller.rb:5:in `create'
  [1m[36mClient Create (7.7ms)[0m  [1m[32mINSERT INTO "clients" ("first_name", "last_name", "location", "created_at", "updated_at") VALUES ($1, $2, $3, $4, $5) RETURNING "id"[0m  [["first_name", "\"Jamie\""], ["last_name", "\"Pham\""], ["location", "\"Brooklyn, NY\""], ["created_at", "2021-03-30 18:56:23.064896"], ["updated_at", "2021-03-30 18:56:23.064896"]]
  ↳ app/controllers/clients_controller.rb:5:in `create'
  [1m[36mTRANSACTION (1.8ms)[0m  [1m[35mCOMMIT[0m
  ↳ app/controllers/clients_controller.rb:5:in `create'
[active_model_serializers] Rendered ClientSerializer with ActiveModelSerializers::Adapter::Attributes (4.09ms)
Completed 200 OK in 147ms (Views: 40.3ms | ActiveRecord: 43.0ms | Allocations: 13607)


  [1m[36mClient Load (0.5ms)[0m  [1m[34mSELECT "clients".* FROM "clients" ORDER BY "clients"."id" DESC LIMIT $1[0m  [["LIMIT", 1]]
  [1m[36mClient Load (1.1ms)[0m  [1m[34mSELECT "clients".* FROM "clients" ORDER BY "clients"."id" DESC LIMIT $1[0m  [["LIMIT", 1]]
  [1m[36mTRANSACTION (0.2ms)[0m  [1m[35mBEGIN[0m
  [1m[36mClient Update (0.9ms)[0m  [1m[33mUPDATE "clients" SET "username" = $1, "updated_at" = $2 WHERE "clients"."id" = $3[0m  [["username", "ninjacat"], ["updated_at", "2021-03-30 18:59:08.113503"], ["id", 1]]
  [1m[36mTRANSACTION (2.0ms)[0m  [1m[35mCOMMIT[0m
  [1m[36mClient Load (0.4ms)[0m  [1m[34mSELECT "clients".* FROM "clients" ORDER BY "clients"."id" DESC LIMIT $1[0m  [["LIMIT", 1]]
Started POST "/clients?first_name=Richi&last_name=Adule&username=bigrichi&location=Brooklyn,%20NY" for ::1 at 2021-03-30 15:00:15 -0400
Processing by ClientsController#create as */*
  Parameters: {"first_name"=>"Richi", "last_name"=>"Adule", "username"=>"bigrichi", "location"=>"Brooklyn, NY"}
  [1m[36mTRANSACTION (0.2ms)[0m  [1m[35mBEGIN[0m
  ↳ app/controllers/clients_controller.rb:5:in `create'
  [1m[36mClient Create (0.3ms)[0m  [1m[32mINSERT INTO "clients" ("first_name", "last_name", "location", "username", "created_at", "updated_at") VALUES ($1, $2, $3, $4, $5, $6) RETURNING "id"[0m  [["first_name", "Richi"], ["last_name", "Adule"], ["location", "Brooklyn, NY"], ["username", "bigrichi"], ["created_at", "2021-03-30 19:00:16.038567"], ["updated_at", "2021-03-30 19:00:16.038567"]]
  ↳ app/controllers/clients_controller.rb:5:in `create'
  [1m[36mTRANSACTION (0.5ms)[0m  [1m[35mCOMMIT[0m
  ↳ app/controllers/clients_controller.rb:5:in `create'
[active_model_serializers] Rendered ClientSerializer with ActiveModelSerializers::Adapter::Attributes (0.34ms)
Completed 200 OK in 20ms (Views: 1.8ms | ActiveRecord: 5.6ms | Allocations: 7481)


  [1m[36mClient Load (0.4ms)[0m  [1m[34mSELECT "clients".* FROM "clients" ORDER BY "clients"."id" DESC LIMIT $1[0m  [["LIMIT", 1]]
Started GET "/clients/1" for ::1 at 2021-03-30 15:04:49 -0400
Processing by ClientsController#show as HTML
  Parameters: {"id"=>"1"}
Completed 500 Internal Server Error in 5ms (ActiveRecord: 0.0ms | Allocations: 1473)


  
NoMethodError (undefined method `find_post' for #<ClientsController:0x007fc43462d9c8>
Did you mean?  find_client):
  
activesupport (6.1.3.1) lib/active_support/callbacks.rb:427:in `block in make_lambda'
activesupport (6.1.3.1) lib/active_support/callbacks.rb:179:in `block (2 levels) in halting_and_conditional'
actionpack (6.1.3.1) lib/abstract_controller/callbacks.rb:34:in `block (2 levels) in <module:Callbacks>'
activesupport (6.1.3.1) lib/active_support/callbacks.rb:180:in `block in halting_and_conditional'
activesupport (6.1.3.1) lib/active_support/callbacks.rb:512:in `block in invoke_before'
activesupport (6.1.3.1) lib/active_support/callbacks.rb:512:in `each'
activesupport (6.1.3.1) lib/active_support/callbacks.rb:512:in `invoke_before'
activesupport (6.1.3.1) lib/active_support/callbacks.rb:105:in `run_callbacks'
actionpack (6.1.3.1) lib/abstract_controller/callbacks.rb:41:in `process_action'
actionpack (6.1.3.1) lib/action_controller/metal/rescue.rb:22:in `process_action'
actionpack (6.1.3.1) lib/action_controller/metal/instrumentation.rb:34:in `block in process_action'
activesupport (6.1.3.1) lib/active_support/notifications.rb:203:in `block in instrument'
activesupport (6.1.3.1) lib/active_support/notifications/instrumenter.rb:24:in `instrument'
activesupport (6.1.3.1) lib/active_support/notifications.rb:203:in `instrument'
actionpack (6.1.3.1) lib/action_controller/metal/instrumentation.rb:33:in `process_action'
actionpack (6.1.3.1) lib/action_controller/metal/params_wrapper.rb:249:in `process_action'
activerecord (6.1.3.1) lib/active_record/railties/controller_runtime.rb:27:in `process_action'
actionpack (6.1.3.1) lib/abstract_controller/base.rb:165:in `process'
actionpack (6.1.3.1) lib/action_controller/metal.rb:190:in `dispatch'
actionpack (6.1.3.1) lib/action_controller/metal.rb:254:in `dispatch'
actionpack (6.1.3.1) lib/action_dispatch/routing/route_set.rb:50:in `dispatch'
actionpack (6.1.3.1) lib/action_dispatch/routing/route_set.rb:33:in `serve'
actionpack (6.1.3.1) lib/action_dispatch/journey/router.rb:50:in `block in serve'
actionpack (6.1.3.1) lib/action_dispatch/journey/router.rb:32:in `each'
actionpack (6.1.3.1) lib/action_dispatch/journey/router.rb:32:in `serve'
actionpack (6.1.3.1) lib/action_dispatch/routing/route_set.rb:842:in `call'
rack (2.2.3) lib/rack/etag.rb:27:in `call'
rack (2.2.3) lib/rack/conditional_get.rb:27:in `call'
rack (2.2.3) lib/rack/head.rb:12:in `call'
activerecord (6.1.3.1) lib/active_record/migration.rb:601:in `call'
actionpack (6.1.3.1) lib/action_dispatch/middleware/callbacks.rb:27:in `block in call'
activesupport (6.1.3.1) lib/active_support/callbacks.rb:98:in `run_callbacks'
actionpack (6.1.3.1) lib/action_dispatch/middleware/callbacks.rb:26:in `call'
actionpack (6.1.3.1) lib/action_dispatch/middleware/executor.rb:14:in `call'
actionpack (6.1.3.1) lib/action_dispatch/middleware/actionable_exceptions.rb:18:in `call'
actionpack (6.1.3.1) lib/action_dispatch/middleware/debug_exceptions.rb:29:in `call'
actionpack (6.1.3.1) lib/action_dispatch/middleware/show_exceptions.rb:33:in `call'
railties (6.1.3.1) lib/rails/rack/logger.rb:37:in `call_app'
railties (6.1.3.1) lib/rails/rack/logger.rb:26:in `block in call'
activesupport (6.1.3.1) lib/active_support/tagged_logging.rb:99:in `block in tagged'
activesupport (6.1.3.1) lib/active_support/tagged_logging.rb:37:in `tagged'
activesupport (6.1.3.1) lib/active_support/tagged_logging.rb:99:in `tagged'
railties (6.1.3.1) lib/rails/rack/logger.rb:26:in `call'
actionpack (6.1.3.1) lib/action_dispatch/middleware/remote_ip.rb:81:in `call'
actionpack (6.1.3.1) lib/action_dispatch/middleware/request_id.rb:26:in `call'
rack (2.2.3) lib/rack/runtime.rb:22:in `call'
activesupport (6.1.3.1) lib/active_support/cache/strategy/local_cache_middleware.rb:29:in `call'
actionpack (6.1.3.1) lib/action_dispatch/middleware/executor.rb:14:in `call'
actionpack (6.1.3.1) lib/action_dispatch/middleware/static.rb:24:in `call'
rack (2.2.3) lib/rack/sendfile.rb:110:in `call'
actionpack (6.1.3.1) lib/action_dispatch/middleware/host_authorization.rb:98:in `call'
rack-cors (1.1.1) lib/rack/cors.rb:100:in `call'
railties (6.1.3.1) lib/rails/engine.rb:539:in `call'
puma (5.2.2) lib/puma/configuration.rb:248:in `call'
puma (5.2.2) lib/puma/request.rb:76:in `block in handle_request'
puma (5.2.2) lib/puma/thread_pool.rb:337:in `with_force_shutdown'
puma (5.2.2) lib/puma/request.rb:75:in `handle_request'
puma (5.2.2) lib/puma/server.rb:431:in `process_client'
puma (5.2.2) lib/puma/thread_pool.rb:145:in `block in spawn_thread'
Started GET "/clients/1" for ::1 at 2021-03-30 15:05:47 -0400
Processing by ClientsController#show as HTML
  Parameters: {"id"=>"1"}
  [1m[36mClient Load (0.6ms)[0m  [1m[34mSELECT "clients".* FROM "clients" WHERE "clients"."id" = $1 LIMIT $2[0m  [["id", 1], ["LIMIT", 1]]
  ↳ app/controllers/clients_controller.rb:25:in `find_client'
[active_model_serializers] Rendered ClientSerializer with ActiveModelSerializers::Adapter::Attributes (0.7ms)
Completed 200 OK in 47ms (Views: 4.0ms | ActiveRecord: 10.3ms | Allocations: 8244)


Started GET "/clients/2" for ::1 at 2021-03-30 15:05:56 -0400
Processing by ClientsController#show as HTML
  Parameters: {"id"=>"2"}
  [1m[36mClient Load (0.4ms)[0m  [1m[34mSELECT "clients".* FROM "clients" WHERE "clients"."id" = $1 LIMIT $2[0m  [["id", 2], ["LIMIT", 1]]
  ↳ app/controllers/clients_controller.rb:25:in `find_client'
[active_model_serializers] Rendered ClientSerializer with ActiveModelSerializers::Adapter::Attributes (0.28ms)
Completed 200 OK in 3ms (Views: 0.7ms | ActiveRecord: 0.4ms | Allocations: 722)


  [1m[36mClient Load (0.3ms)[0m  [1m[34mSELECT "clients".* FROM "clients" ORDER BY "clients"."id" ASC LIMIT $1[0m  [["LIMIT", 1]]
  [1m[36mTRANSACTION (0.1ms)[0m  [1m[35mBEGIN[0m
  [1m[36mClient Update (0.3ms)[0m  [1m[33mUPDATE "clients" SET "first_name" = $1, "last_name" = $2, "location" = $3, "updated_at" = $4 WHERE "clients"."id" = $5[0m  [["first_name", "Jamie"], ["last_name", "Pham"], ["location", "Brooklyn, NY"], ["updated_at", "2021-03-30 19:07:21.604182"], ["id", 1]]
  [1m[36mTRANSACTION (0.7ms)[0m  [1m[35mCOMMIT[0m
Started GET "/clients/1" for ::1 at 2021-03-30 15:07:38 -0400
Processing by ClientsController#show as HTML
  Parameters: {"id"=>"1"}
  [1m[36mClient Load (0.4ms)[0m  [1m[34mSELECT "clients".* FROM "clients" WHERE "clients"."id" = $1 LIMIT $2[0m  [["id", 1], ["LIMIT", 1]]
  ↳ app/controllers/clients_controller.rb:25:in `find_client'
[active_model_serializers] Rendered ClientSerializer with ActiveModelSerializers::Adapter::Attributes (0.29ms)
Completed 200 OK in 3ms (Views: 0.7ms | ActiveRecord: 0.4ms | Allocations: 710)


Started GET "/clients/ninjacat" for ::1 at 2021-03-30 17:55:07 -0400
  [1m[35m (2.0ms)[0m  [1m[34mSELECT "schema_migrations"."version" FROM "schema_migrations" ORDER BY "schema_migrations"."version" ASC[0m
Processing by ClientsController#show as */*
  Parameters: {"username"=>"ninjacat"}
  [1m[36mClient Load (3.0ms)[0m  [1m[34mSELECT "clients".* FROM "clients" WHERE (ninjacat) LIMIT $1[0m  [["LIMIT", 1]]
  ↳ app/controllers/clients_controller.rb:25:in `find_client'
Completed 500 Internal Server Error in 17ms (ActiveRecord: 3.0ms | Allocations: 2960)


  
ActiveRecord::StatementInvalid (PG::UndefinedColumn: ERROR:  column "ninjacat" does not exist
LINE 1: SELECT "clients".* FROM "clients" WHERE (ninjacat) LIMIT $1
                                                 ^
):
  
app/controllers/clients_controller.rb:25:in `find_client'
Started GET "/clients/ninjacat" for ::1 at 2021-03-30 17:57:47 -0400
Processing by ClientsController#show as */*
  Parameters: {"username"=>"ninjacat"}
  [1m[36mClient Load (1.0ms)[0m  [1m[34mSELECT "clients".* FROM "clients" WHERE (ninjacat) LIMIT $1[0m  [["LIMIT", 1]]
  ↳ app/controllers/clients_controller.rb:25:in `find_client'
Completed 500 Internal Server Error in 5ms (ActiveRecord: 1.0ms | Allocations: 2073)


  
ActiveRecord::StatementInvalid (PG::UndefinedColumn: ERROR:  column "ninjacat" does not exist
LINE 1: SELECT "clients".* FROM "clients" WHERE (ninjacat) LIMIT $1
                                                 ^
):
  
app/controllers/clients_controller.rb:25:in `find_client'
Started GET "/clients/ninjacat" for ::1 at 2021-03-30 17:59:29 -0400
  [1m[35m (0.7ms)[0m  [1m[34mSELECT "schema_migrations"."version" FROM "schema_migrations" ORDER BY "schema_migrations"."version" ASC[0m
  
ActionController::RoutingError (No route matches [GET] "/clients/ninjacat"):
  
Started GET "/clients/search?q=ninjacat" for ::1 at 2021-03-30 18:00:33 -0400
  
ActionController::RoutingError (No route matches [GET] "/clients/search"):
  
Started GET "/clients/search?q=%22ninjacat%22" for ::1 at 2021-03-30 18:00:47 -0400
  
ActionController::RoutingError (No route matches [GET] "/clients/search"):
  
  [1m[36mClient Load (1.3ms)[0m  [1m[34mSELECT "clients".* FROM "clients" ORDER BY "clients"."id" DESC LIMIT $1[0m  [["LIMIT", 1]]
  [1m[36mClient Load (0.8ms)[0m  [1m[34mSELECT "clients".* FROM "clients" ORDER BY "clients"."id" DESC LIMIT $1[0m  [["LIMIT", 1]]
Started POST "/git_users" for ::1 at 2021-03-30 19:36:45 -0400
Processing by GitUsersController#create as JSON
  Parameters: {"github_id"=>651237, "login"=>"evanlh", "name"=>"Evan Lawrence-Hurt", "avatar_url"=>"https://avatars.githubusercontent.com/u/651237?v=4", "bio"=>nil, "location"=>"Brooklyn, NY", "site_admin"=>false, "hireable"=>nil, "public_repos"=>35, "followers"=>21, "following"=>18, "git_user"=>{"github_id"=>651237, "login"=>"evanlh", "name"=>"Evan Lawrence-Hurt", "avatar_url"=>"https://avatars.githubusercontent.com/u/651237?v=4", "bio"=>nil, "location"=>"Brooklyn, NY", "site_admin"=>false, "hireable"=>nil, "public_repos"=>35, "followers"=>21, "following"=>18}}
[31mUnpermitted parameter: :git_user[0m
  [1m[36mTRANSACTION (0.2ms)[0m  [1m[35mBEGIN[0m
  ↳ app/controllers/git_users_controller.rb:8:in `create'
  [1m[36mGitUser Create (5.9ms)[0m  [1m[32mINSERT INTO "git_users" ("github_id", "login", "name", "avatar_url", "location", "site_admin", "public_repos", "followers", "following", "created_at", "updated_at") VALUES ($1, $2, $3, $4, $5, $6, $7, $8, $9, $10, $11) RETURNING "id"[0m  [["github_id", 651237], ["login", "evanlh"], ["name", "Evan Lawrence-Hurt"], ["avatar_url", "https://avatars.githubusercontent.com/u/651237?v=4"], ["location", "Brooklyn, NY"], ["site_admin", false], ["public_repos", 35], ["followers", 21], ["following", 18], ["created_at", "2021-03-30 23:36:45.967431"], ["updated_at", "2021-03-30 23:36:45.967431"]]
  ↳ app/controllers/git_users_controller.rb:8:in `create'
  [1m[36mTRANSACTION (2.0ms)[0m  [1m[35mCOMMIT[0m
  ↳ app/controllers/git_users_controller.rb:8:in `create'
[active_model_serializers]   [1m[36mRepository Load (6.0ms)[0m  [1m[34mSELECT "repositories".* FROM "repositories" WHERE "repositories"."git_user_id" = $1[0m  [["git_user_id", 1]]
[active_model_serializers]   ↳ app/controllers/git_users_controller.rb:9:in `create'
[active_model_serializers]   [1m[36mClient Load (2.6ms)[0m  [1m[34mSELECT "clients".* FROM "clients" INNER JOIN "git_user_clients" ON "clients"."id" = "git_user_clients"."client_id" WHERE "git_user_clients"."git_user_id" = $1[0m  [["git_user_id", 1]]
[active_model_serializers]   ↳ app/controllers/git_users_controller.rb:9:in `create'
[active_model_serializers] Rendered GitUserSerializer with ActiveModelSerializers::Adapter::Attributes (103.85ms)
Completed 200 OK in 224ms (Views: 135.1ms | ActiveRecord: 39.7ms | Allocations: 29520)


  [1m[36mGitUser Load (0.4ms)[0m  [1m[34mSELECT "git_users".* FROM "git_users" ORDER BY "git_users"."id" DESC LIMIT $1[0m  [["LIMIT", 1]]
Started GET "/clients/ninjacat" for ::1 at 2021-03-30 19:48:05 -0400
Processing by ClientsController#index as */*
  Parameters: {"username"=>"ninjacat"}
  [1m[36mClient Load (2.3ms)[0m  [1m[34mSELECT "clients".* FROM "clients"[0m
  ↳ app/controllers/clients_controller.rb:6:in `index'
[active_model_serializers]   [1m[36mGitUserClient Load (0.6ms)[0m  [1m[34mSELECT "git_user_clients".* FROM "git_user_clients" WHERE "git_user_clients"."client_id" = $1[0m  [["client_id", 1]]
[active_model_serializers]   ↳ app/controllers/clients_controller.rb:7:in `index'
[active_model_serializers] Rendered ClientSerializer with ActiveModelSerializers::Adapter::Attributes (13.55ms)
Completed 200 OK in 93ms (Views: 18.7ms | ActiveRecord: 19.6ms | Allocations: 9970)


Started GET "/clients/ninjacat" for ::1 at 2021-03-30 19:49:23 -0400
Processing by ClientsController#index as */*
  Parameters: {"username"=>"ninjacat"}
  [1m[36mClient Load (0.2ms)[0m  [1m[34mSELECT "clients".* FROM "clients"[0m
  ↳ app/controllers/clients_controller.rb:6:in `index'
[active_model_serializers]   [1m[36mGitUserClient Load (0.8ms)[0m  [1m[34mSELECT "git_user_clients".* FROM "git_user_clients" WHERE "git_user_clients"."client_id" = $1[0m  [["client_id", 1]]
[active_model_serializers]   ↳ app/controllers/clients_controller.rb:7:in `index'
[active_model_serializers] Rendered ClientSerializer with ActiveModelSerializers::Adapter::Attributes (15.74ms)
Completed 200 OK in 44ms (Views: 16.1ms | ActiveRecord: 14.8ms | Allocations: 8257)


Started GET "/clients/ninjacat" for ::1 at 2021-03-30 19:50:10 -0400
Processing by ClientsController#index as */*
  Parameters: {"username"=>"ninjacat"}
  [1m[36mClient Load (0.4ms)[0m  [1m[34mSELECT "clients".* FROM "clients"[0m
  ↳ app/controllers/clients_controller.rb:7:in `index'
[active_model_serializers]   [1m[36mGitUserClient Load (6.7ms)[0m  [1m[34mSELECT "git_user_clients".* FROM "git_user_clients" WHERE "git_user_clients"."client_id" = $1[0m  [["client_id", 2]]
[active_model_serializers]   ↳ app/controllers/clients_controller.rb:7:in `index'
[active_model_serializers]   [1m[36mGitUserClient Load (0.6ms)[0m  [1m[34mSELECT "git_user_clients".* FROM "git_user_clients" WHERE "git_user_clients"."client_id" = $1[0m  [["client_id", 1]]
[active_model_serializers]   ↳ app/controllers/clients_controller.rb:7:in `index'
[active_model_serializers] Rendered ActiveModel::Serializer::CollectionSerializer with ActiveModelSerializers::Adapter::Attributes (28.89ms)
Completed 200 OK in 94ms (Views: 65.3ms | ActiveRecord: 23.1ms | Allocations: 9551)


Started GET "/clients/ninjacat" for ::1 at 2021-03-30 20:23:20 -0400
Processing by ClientsController#show as */*
  Parameters: {"username"=>"ninjacat"}
  [1m[36mClient Load (1.8ms)[0m  [1m[34mSELECT "clients".* FROM "clients" WHERE (ninjacat) LIMIT $1[0m  [["LIMIT", 1]]
  ↳ app/controllers/clients_controller.rb:33:in `find_client'
Completed 500 Internal Server Error in 27ms (ActiveRecord: 10.5ms | Allocations: 4093)


  
ActiveRecord::StatementInvalid (PG::UndefinedColumn: ERROR:  column "ninjacat" does not exist
LINE 1: SELECT "clients".* FROM "clients" WHERE (ninjacat) LIMIT $1
                                                 ^
):
  
app/controllers/clients_controller.rb:33:in `find_client'
Started GET "/clients/ninjacat" for ::1 at 2021-03-30 20:24:42 -0400
Processing by ClientsController#index as */*
  Parameters: {"username"=>"ninjacat"}
  [1m[36mClient Load (1.5ms)[0m  [1m[34mSELECT "clients".* FROM "clients"[0m
  ↳ app/controllers/clients_controller.rb:6:in `index'
[active_model_serializers]   [1m[36mGitUserClient Load (1.3ms)[0m  [1m[34mSELECT "git_user_clients".* FROM "git_user_clients" WHERE "git_user_clients"."client_id" = $1[0m  [["client_id", 1]]
[active_model_serializers]   ↳ app/controllers/clients_controller.rb:7:in `index'
[active_model_serializers] Rendered ClientSerializer with ActiveModelSerializers::Adapter::Attributes (12.05ms)
Completed 200 OK in 37ms (Views: 11.4ms | ActiveRecord: 14.2ms | Allocations: 8436)


Started GET "/clients/ninjacat" for ::1 at 2021-03-30 20:30:44 -0400
Processing by ClientsController#index as */*
  Parameters: {"username"=>"ninjacat"}
  [1m[36mClient Load (0.6ms)[0m  [1m[34mSELECT "clients".* FROM "clients"[0m
  ↳ app/controllers/clients_controller.rb:6:in `index'
[active_model_serializers]   [1m[36mGitUserClient Load (1.1ms)[0m  [1m[34mSELECT "git_user_clients".* FROM "git_user_clients" WHERE "git_user_clients"."client_id" = $1[0m  [["client_id", 1]]
[active_model_serializers]   ↳ app/controllers/clients_controller.rb:7:in `index'
[active_model_serializers] Rendered ClientSerializer with ActiveModelSerializers::Adapter::Attributes (4.64ms)
Completed 200 OK in 36ms (Views: 4.0ms | ActiveRecord: 15.8ms | Allocations: 3763)


Started GET "/clients/ninjacat" for ::1 at 2021-03-30 20:32:36 -0400
Processing by ClientsController#beef as */*
  Parameters: {"username"=>"ninjacat"}
  [1m[36mClient Load (0.4ms)[0m  [1m[34mSELECT "clients".* FROM "clients"[0m
  ↳ app/controllers/clients_controller.rb:17:in `beef'
[active_model_serializers]   [1m[36mGitUserClient Load (1.2ms)[0m  [1m[34mSELECT "git_user_clients".* FROM "git_user_clients" WHERE "git_user_clients"."client_id" = $1[0m  [["client_id", 1]]
[active_model_serializers]   ↳ app/controllers/clients_controller.rb:18:in `beef'
[active_model_serializers] Rendered ClientSerializer with ActiveModelSerializers::Adapter::Attributes (11.27ms)
Completed 200 OK in 49ms (Views: 11.8ms | ActiveRecord: 10.8ms | Allocations: 8311)


Started GET "/clients/ninjacat" for ::1 at 2021-03-30 20:38:13 -0400
Processing by ClientsController#login as */*
  Parameters: {"username"=>"ninjacat"}
  [1m[36mClient Load (2.4ms)[0m  [1m[34mSELECT "clients".* FROM "clients" WHERE (ninjacat) LIMIT $1[0m  [["LIMIT", 1]]
  ↳ app/controllers/clients_controller.rb:25:in `find_client'
Completed 500 Internal Server Error in 7ms (ActiveRecord: 2.4ms | Allocations: 2063)


  
ActiveRecord::StatementInvalid (PG::UndefinedColumn: ERROR:  column "ninjacat" does not exist
LINE 1: SELECT "clients".* FROM "clients" WHERE (ninjacat) LIMIT $1
                                                 ^
):
  
app/controllers/clients_controller.rb:25:in `find_client'
Started GET "/clients/ninjacat" for ::1 at 2021-03-30 20:39:31 -0400
Processing by ClientsController#login as */*
  Parameters: {"username"=>"ninjacat"}
  [1m[36mClient Load (2.4ms)[0m  [1m[34mSELECT "clients".* FROM "clients" WHERE (ninjacat) LIMIT $1[0m  [["LIMIT", 1]]
  ↳ app/controllers/clients_controller.rb:10:in `login'
Completed 500 Internal Server Error in 13ms (ActiveRecord: 2.4ms | Allocations: 2069)


  
ActiveRecord::StatementInvalid (PG::UndefinedColumn: ERROR:  column "ninjacat" does not exist
LINE 1: SELECT "clients".* FROM "clients" WHERE (ninjacat) LIMIT $1
                                                 ^
):
  
app/controllers/clients_controller.rb:10:in `login'
Started GET "/clients/ninjacat" for ::1 at 2021-03-30 20:40:00 -0400
Processing by ClientsController#login as */*
  Parameters: {"username"=>"ninjacat"}
  [1m[36mClient Load (0.8ms)[0m  [1m[34mSELECT "clients".* FROM "clients" WHERE "clients"."username" = $1 LIMIT $2[0m  [["username", "ninjacat"], ["LIMIT", 1]]
  ↳ app/controllers/clients_controller.rb:10:in `login'
[active_model_serializers]   [1m[36mGitUserClient Load (0.3ms)[0m  [1m[34mSELECT "git_user_clients".* FROM "git_user_clients" WHERE "git_user_clients"."client_id" = $1[0m  [["client_id", 1]]
[active_model_serializers]   ↳ app/controllers/clients_controller.rb:11:in `login'
[active_model_serializers] Rendered ClientSerializer with ActiveModelSerializers::Adapter::Attributes (6.62ms)
Completed 200 OK in 24ms (Views: 7.5ms | ActiveRecord: 4.8ms | Allocations: 8330)


Started GET "/clients/ninjacat" for ::1 at 2021-03-30 20:40:25 -0400
Processing by ClientsController#login as */*
  Parameters: {"username"=>"ninjacat"}
  [1m[36mClient Load (2.7ms)[0m  [1m[34mSELECT "clients".* FROM "clients" WHERE (ninjacat) LIMIT $1[0m  [["LIMIT", 1]]
  ↳ app/controllers/clients_controller.rb:25:in `find_client'
Completed 500 Internal Server Error in 7ms (ActiveRecord: 2.7ms | Allocations: 2047)


  
ActiveRecord::StatementInvalid (PG::UndefinedColumn: ERROR:  column "ninjacat" does not exist
LINE 1: SELECT "clients".* FROM "clients" WHERE (ninjacat) LIMIT $1
                                                 ^
):
  
app/controllers/clients_controller.rb:25:in `find_client'
Started GET "/clients/ninjacat" for ::1 at 2021-03-30 20:41:08 -0400
Processing by ClientsController#login as */*
  Parameters: {"username"=>"ninjacat"}
  [1m[36mClient Load (0.6ms)[0m  [1m[34mSELECT "clients".* FROM "clients" WHERE "clients"."username" = $1 LIMIT $2[0m  [["username", "ninjacat"], ["LIMIT", 1]]
  ↳ app/controllers/clients_controller.rb:25:in `find_client'
[active_model_serializers]   [1m[36mGitUserClient Load (0.4ms)[0m  [1m[34mSELECT "git_user_clients".* FROM "git_user_clients" WHERE "git_user_clients"."client_id" = $1[0m  [["client_id", 1]]
[active_model_serializers]   ↳ app/controllers/clients_controller.rb:26:in `find_client'
[active_model_serializers] Rendered ClientSerializer with ActiveModelSerializers::Adapter::Attributes (7.13ms)
Filter chain halted as :find_client rendered or redirected
Completed 200 OK in 24ms (Views: 7.3ms | ActiveRecord: 6.0ms | Allocations: 8338)


  [1m[35m (1.0ms)[0m  [1m[34mSELECT pg_try_advisory_lock(4869053397680650290)[0m
  [1m[35m (3.0ms)[0m  [1m[34mSELECT "schema_migrations"."version" FROM "schema_migrations" ORDER BY "schema_migrations"."version" ASC[0m
Migrating to CreateGitUsers (20210329200423)
  [1m[36mTRANSACTION (0.1ms)[0m  [1m[35mBEGIN[0m
  [1m[35m (17.8ms)[0m  [1m[35mDROP TABLE "git_users"[0m
  [1m[36mTRANSACTION (0.2ms)[0m  [1m[31mROLLBACK[0m
  [1m[35m (0.4ms)[0m  [1m[34mSELECT pg_advisory_unlock(4869053397680650290)[0m
  [1m[35m (1.4ms)[0m  [1m[34mSELECT "schema_migrations"."version" FROM "schema_migrations" ORDER BY "schema_migrations"."version" ASC[0m
  [1m[35m (1.6ms)[0m  [1m[34mSELECT "ar_internal_metadata"."value" FROM "ar_internal_metadata" WHERE "ar_internal_metadata"."key" = $1[0m  [["key", "environment"]]
  [1m[35m (0.2ms)[0m  [1m[34mSELECT "schema_migrations"."version" FROM "schema_migrations" ORDER BY "schema_migrations"."version" ASC[0m
  [1m[35m (0.5ms)[0m  [1m[34mSELECT "ar_internal_metadata"."value" FROM "ar_internal_metadata" WHERE "ar_internal_metadata"."key" = $1[0m  [["key", "environment"]]
  [1m[35m (0.4ms)[0m  [1m[34mSELECT "schema_migrations"."version" FROM "schema_migrations" ORDER BY "schema_migrations"."version" ASC[0m
  [1m[35m (0.4ms)[0m  [1m[34mSELECT "ar_internal_metadata"."value" FROM "ar_internal_metadata" WHERE "ar_internal_metadata"."key" = $1[0m  [["key", "environment"]]
  [1m[35m (40.4ms)[0m  [1m[35mDROP DATABASE IF EXISTS "gitbook_development"[0m
  [1m[35m (46.5ms)[0m  [1m[35mDROP DATABASE IF EXISTS "gitbook_test"[0m
  [1m[35m (188.6ms)[0m  [1m[35mCREATE DATABASE "gitbook_development" ENCODING = 'unicode'[0m
  [1m[35m (93.9ms)[0m  [1m[35mCREATE DATABASE "gitbook_test" ENCODING = 'unicode'[0m
  [1m[35mSQL (2.9ms)[0m  [1m[35mCREATE EXTENSION IF NOT EXISTS "plpgsql"[0m
  [1m[35m (0.2ms)[0m  [1m[35mDROP TABLE IF EXISTS "clients" CASCADE[0m
  [1m[35m (20.1ms)[0m  [1m[35mCREATE TABLE "clients" ("id" bigserial primary key, "first_name" character varying, "last_name" character varying, "location" character varying, "username" character varying, "created_at" timestamp(6) NOT NULL, "updated_at" timestamp(6) NOT NULL)[0m
  [1m[35m (0.4ms)[0m  [1m[35mDROP TABLE IF EXISTS "git_user_clients" CASCADE[0m
  [1m[35m (3.2ms)[0m  [1m[35mCREATE TABLE "git_user_clients" ("id" bigserial primary key, "client_id" bigint NOT NULL, "git_user_id" bigint NOT NULL, "created_at" timestamp(6) NOT NULL, "updated_at" timestamp(6) NOT NULL)[0m
  [1m[35m (2.1ms)[0m  [1m[35mCREATE INDEX "index_git_user_clients_on_client_id" ON "git_user_clients" ("client_id")[0m
  [1m[35m (1.7ms)[0m  [1m[35mCREATE INDEX "index_git_user_clients_on_git_user_id" ON "git_user_clients" ("git_user_id")[0m
  [1m[35m (0.3ms)[0m  [1m[35mDROP TABLE IF EXISTS "git_users" CASCADE[0m
  [1m[35m (7.6ms)[0m  [1m[35mCREATE TABLE "git_users" ("id" bigserial primary key, "github_id" integer, "login" character varying, "name" character varying, "avatar_url" character varying, "bio" character varying, "location" character varying, "site_admin" boolean, "hireable" boolean, "public_repos" integer, "followers" integer, "following" integer, "created_at" timestamp(6) NOT NULL, "updated_at" timestamp(6) NOT NULL)[0m
  [1m[35m (0.5ms)[0m  [1m[35mDROP TABLE IF EXISTS "repositories" CASCADE[0m
  [1m[35m (3.7ms)[0m  [1m[35mCREATE TABLE "repositories" ("id" bigserial primary key, "git_user_id" bigint NOT NULL, "repo_id" integer, "description" character varying, "html_url" character varying, "language" character varying, "size" integer, "forks_count" integer, "commits" integer, "last_commit_date" timestamp, "watchers" integer, "stargazers_count" integer, "created_at" timestamp(6) NOT NULL, "updated_at" timestamp(6) NOT NULL)[0m
  [1m[35m (1.5ms)[0m  [1m[35mCREATE INDEX "index_repositories_on_git_user_id" ON "repositories" ("git_user_id")[0m
  [1m[35m (5.5ms)[0m  [1m[35mALTER TABLE "git_user_clients" ADD CONSTRAINT "fk_rails_455a451382"
FOREIGN KEY ("client_id")
  REFERENCES "clients" ("id")
[0m
  [1m[35m (1.0ms)[0m  [1m[35mALTER TABLE "git_user_clients" ADD CONSTRAINT "fk_rails_60b7d992ef"
FOREIGN KEY ("git_user_id")
  REFERENCES "git_users" ("id")
[0m
  [1m[35m (1.4ms)[0m  [1m[35mALTER TABLE "repositories" ADD CONSTRAINT "fk_rails_3d49481a60"
FOREIGN KEY ("git_user_id")
  REFERENCES "git_users" ("id")
[0m
  [1m[35m (3.1ms)[0m  [1m[35mCREATE TABLE "schema_migrations" ("version" character varying NOT NULL PRIMARY KEY)[0m
  [1m[35m (0.9ms)[0m  [1m[34mSELECT "schema_migrations"."version" FROM "schema_migrations" ORDER BY "schema_migrations"."version" ASC[0m
  [1m[35m (2.5ms)[0m  [1m[32mINSERT INTO "schema_migrations" (version) VALUES (20210329212003)[0m
  [1m[35m (0.9ms)[0m  [1m[32mINSERT INTO "schema_migrations" (version) VALUES
(20210329200209),
(20210329200423),
(20210329201133);

[0m
  [1m[35m (4.5ms)[0m  [1m[35mCREATE TABLE "ar_internal_metadata" ("key" character varying NOT NULL PRIMARY KEY, "value" character varying, "created_at" timestamp(6) NOT NULL, "updated_at" timestamp(6) NOT NULL)[0m
  [1m[36mActiveRecord::InternalMetadata Load (0.4ms)[0m  [1m[34mSELECT "ar_internal_metadata".* FROM "ar_internal_metadata" WHERE "ar_internal_metadata"."key" = $1 LIMIT $2[0m  [["key", "environment"], ["LIMIT", 1]]
  [1m[36mTRANSACTION (0.2ms)[0m  [1m[35mBEGIN[0m
  [1m[36mActiveRecord::InternalMetadata Create (1.0ms)[0m  [1m[32mINSERT INTO "ar_internal_metadata" ("key", "value", "created_at", "updated_at") VALUES ($1, $2, $3, $4) RETURNING "key"[0m  [["key", "environment"], ["value", "development"], ["created_at", "2021-03-31 14:34:20.139196"], ["updated_at", "2021-03-31 14:34:20.139196"]]
  [1m[36mTRANSACTION (0.5ms)[0m  [1m[35mCOMMIT[0m
  [1m[36mActiveRecord::InternalMetadata Load (0.3ms)[0m  [1m[34mSELECT "ar_internal_metadata".* FROM "ar_internal_metadata" WHERE "ar_internal_metadata"."key" = $1 LIMIT $2[0m  [["key", "environment"], ["LIMIT", 1]]
  [1m[36mActiveRecord::InternalMetadata Load (0.2ms)[0m  [1m[34mSELECT "ar_internal_metadata".* FROM "ar_internal_metadata" WHERE "ar_internal_metadata"."key" = $1 LIMIT $2[0m  [["key", "schema_sha1"], ["LIMIT", 1]]
  [1m[36mTRANSACTION (0.1ms)[0m  [1m[35mBEGIN[0m
  [1m[36mActiveRecord::InternalMetadata Create (0.2ms)[0m  [1m[32mINSERT INTO "ar_internal_metadata" ("key", "value", "created_at", "updated_at") VALUES ($1, $2, $3, $4) RETURNING "key"[0m  [["key", "schema_sha1"], ["value", "cf643fd64c401488e8257cffa19e3d17ff389205"], ["created_at", "2021-03-31 14:34:20.149113"], ["updated_at", "2021-03-31 14:34:20.149113"]]
  [1m[36mTRANSACTION (0.4ms)[0m  [1m[35mCOMMIT[0m
  [1m[35mSQL (0.4ms)[0m  [1m[35mCREATE EXTENSION IF NOT EXISTS "plpgsql"[0m
  [1m[35m (0.2ms)[0m  [1m[35mDROP TABLE IF EXISTS "clients" CASCADE[0m
  [1m[35m (7.0ms)[0m  [1m[35mCREATE TABLE "clients" ("id" bigserial primary key, "first_name" character varying, "last_name" character varying, "location" character varying, "username" character varying, "created_at" timestamp(6) NOT NULL, "updated_at" timestamp(6) NOT NULL)[0m
  [1m[35m (0.6ms)[0m  [1m[35mDROP TABLE IF EXISTS "git_user_clients" CASCADE[0m
  [1m[35m (1.8ms)[0m  [1m[35mCREATE TABLE "git_user_clients" ("id" bigserial primary key, "client_id" bigint NOT NULL, "git_user_id" bigint NOT NULL, "created_at" timestamp(6) NOT NULL, "updated_at" timestamp(6) NOT NULL)[0m
  [1m[35m (1.7ms)[0m  [1m[35mCREATE INDEX "index_git_user_clients_on_client_id" ON "git_user_clients" ("client_id")[0m
  [1m[35m (1.2ms)[0m  [1m[35mCREATE INDEX "index_git_user_clients_on_git_user_id" ON "git_user_clients" ("git_user_id")[0m
  [1m[35m (0.3ms)[0m  [1m[35mDROP TABLE IF EXISTS "git_users" CASCADE[0m
  [1m[35m (3.9ms)[0m  [1m[35mCREATE TABLE "git_users" ("id" bigserial primary key, "github_id" integer, "login" character varying, "name" character varying, "avatar_url" character varying, "bio" character varying, "location" character varying, "site_admin" boolean, "hireable" boolean, "public_repos" integer, "followers" integer, "following" integer, "created_at" timestamp(6) NOT NULL, "updated_at" timestamp(6) NOT NULL)[0m
  [1m[35m (0.7ms)[0m  [1m[35mDROP TABLE IF EXISTS "repositories" CASCADE[0m
  [1m[35m (4.9ms)[0m  [1m[35mCREATE TABLE "repositories" ("id" bigserial primary key, "git_user_id" bigint NOT NULL, "repo_id" integer, "description" character varying, "html_url" character varying, "language" character varying, "size" integer, "forks_count" integer, "commits" integer, "last_commit_date" timestamp, "watchers" integer, "stargazers_count" integer, "created_at" timestamp(6) NOT NULL, "updated_at" timestamp(6) NOT NULL)[0m
  [1m[35m (1.9ms)[0m  [1m[35mCREATE INDEX "index_repositories_on_git_user_id" ON "repositories" ("git_user_id")[0m
  [1m[35m (2.2ms)[0m  [1m[35mALTER TABLE "git_user_clients" ADD CONSTRAINT "fk_rails_455a451382"
FOREIGN KEY ("client_id")
  REFERENCES "clients" ("id")
[0m
  [1m[35m (2.6ms)[0m  [1m[35mALTER TABLE "git_user_clients" ADD CONSTRAINT "fk_rails_60b7d992ef"
FOREIGN KEY ("git_user_id")
  REFERENCES "git_users" ("id")
[0m
  [1m[35m (2.4ms)[0m  [1m[35mALTER TABLE "repositories" ADD CONSTRAINT "fk_rails_3d49481a60"
FOREIGN KEY ("git_user_id")
  REFERENCES "git_users" ("id")
[0m
  [1m[35m (3.0ms)[0m  [1m[35mCREATE TABLE "schema_migrations" ("version" character varying NOT NULL PRIMARY KEY)[0m
  [1m[35m (0.4ms)[0m  [1m[34mSELECT "schema_migrations"."version" FROM "schema_migrations" ORDER BY "schema_migrations"."version" ASC[0m
  [1m[35m (0.6ms)[0m  [1m[32mINSERT INTO "schema_migrations" (version) VALUES (20210329212003)[0m
  [1m[35m (0.7ms)[0m  [1m[32mINSERT INTO "schema_migrations" (version) VALUES
(20210329200209),
(20210329200423),
(20210329201133);

[0m
  [1m[35m (2.3ms)[0m  [1m[35mCREATE TABLE "ar_internal_metadata" ("key" character varying NOT NULL PRIMARY KEY, "value" character varying, "created_at" timestamp(6) NOT NULL, "updated_at" timestamp(6) NOT NULL)[0m
  [1m[36mActiveRecord::InternalMetadata Load (0.2ms)[0m  [1m[34mSELECT "ar_internal_metadata".* FROM "ar_internal_metadata" WHERE "ar_internal_metadata"."key" = $1 LIMIT $2[0m  [["key", "environment"], ["LIMIT", 1]]
  [1m[36mTRANSACTION (0.2ms)[0m  [1m[35mBEGIN[0m
  [1m[36mActiveRecord::InternalMetadata Create (0.6ms)[0m  [1m[32mINSERT INTO "ar_internal_metadata" ("key", "value", "created_at", "updated_at") VALUES ($1, $2, $3, $4) RETURNING "key"[0m  [["key", "environment"], ["value", "development"], ["created_at", "2021-03-31 14:34:20.254855"], ["updated_at", "2021-03-31 14:34:20.254855"]]
  [1m[36mTRANSACTION (0.3ms)[0m  [1m[35mCOMMIT[0m
  [1m[36mActiveRecord::InternalMetadata Load (0.2ms)[0m  [1m[34mSELECT "ar_internal_metadata".* FROM "ar_internal_metadata" WHERE "ar_internal_metadata"."key" = $1 LIMIT $2[0m  [["key", "environment"], ["LIMIT", 1]]
  [1m[36mTRANSACTION (0.1ms)[0m  [1m[35mBEGIN[0m
  [1m[36mActiveRecord::InternalMetadata Update (1.8ms)[0m  [1m[33mUPDATE "ar_internal_metadata" SET "value" = $1, "updated_at" = $2 WHERE "ar_internal_metadata"."key" = $3[0m  [["value", "test"], ["updated_at", "2021-03-31 14:34:20.260311"], ["key", "environment"]]
  [1m[36mTRANSACTION (0.5ms)[0m  [1m[35mCOMMIT[0m
  [1m[36mActiveRecord::InternalMetadata Load (0.3ms)[0m  [1m[34mSELECT "ar_internal_metadata".* FROM "ar_internal_metadata" WHERE "ar_internal_metadata"."key" = $1 LIMIT $2[0m  [["key", "schema_sha1"], ["LIMIT", 1]]
  [1m[36mTRANSACTION (0.2ms)[0m  [1m[35mBEGIN[0m
  [1m[36mActiveRecord::InternalMetadata Create (0.5ms)[0m  [1m[32mINSERT INTO "ar_internal_metadata" ("key", "value", "created_at", "updated_at") VALUES ($1, $2, $3, $4) RETURNING "key"[0m  [["key", "schema_sha1"], ["value", "cf643fd64c401488e8257cffa19e3d17ff389205"], ["created_at", "2021-03-31 14:34:20.267763"], ["updated_at", "2021-03-31 14:34:20.267763"]]
  [1m[36mTRANSACTION (0.4ms)[0m  [1m[35mCOMMIT[0m
  [1m[35m (0.7ms)[0m  [1m[34mSELECT "schema_migrations"."version" FROM "schema_migrations" ORDER BY "schema_migrations"."version" ASC[0m
  [1m[35m (0.3ms)[0m  [1m[34mSELECT pg_try_advisory_lock(4869053397680650290)[0m
  [1m[35m (0.6ms)[0m  [1m[34mSELECT "schema_migrations"."version" FROM "schema_migrations" ORDER BY "schema_migrations"."version" ASC[0m
Migrating to CreateGitUsers (20210329200423)
  [1m[36mTRANSACTION (0.4ms)[0m  [1m[35mBEGIN[0m
  [1m[35m (2.8ms)[0m  [1m[35mDROP TABLE "git_users"[0m
  [1m[36mTRANSACTION (0.3ms)[0m  [1m[31mROLLBACK[0m
  [1m[35m (0.3ms)[0m  [1m[34mSELECT pg_advisory_unlock(4869053397680650290)[0m
  [1m[35m (0.2ms)[0m  [1m[34mSELECT pg_try_advisory_lock(4869053397680650290)[0m
  [1m[35m (0.8ms)[0m  [1m[34mSELECT "schema_migrations"."version" FROM "schema_migrations" ORDER BY "schema_migrations"."version" ASC[0m
Migrating to CreateGitUserClients (20210329201133)
  [1m[36mTRANSACTION (0.2ms)[0m  [1m[35mBEGIN[0m
  [1m[35m (5.0ms)[0m  [1m[35mDROP TABLE "git_user_clients"[0m
  [1m[36mActiveRecord::SchemaMigration Destroy (0.5ms)[0m  [1m[31mDELETE FROM "schema_migrations" WHERE "schema_migrations"."version" = $1[0m  [["version", "20210329201133"]]
  [1m[36mTRANSACTION (4.1ms)[0m  [1m[35mCOMMIT[0m
  [1m[35m (0.5ms)[0m  [1m[34mSELECT pg_advisory_unlock(4869053397680650290)[0m
  [1m[35m (0.9ms)[0m  [1m[34mSELECT "schema_migrations"."version" FROM "schema_migrations" ORDER BY "schema_migrations"."version" ASC[0m
  [1m[35m (0.2ms)[0m  [1m[34mSELECT pg_try_advisory_lock(4869053397680650290)[0m
  [1m[35m (0.6ms)[0m  [1m[34mSELECT "schema_migrations"."version" FROM "schema_migrations" ORDER BY "schema_migrations"."version" ASC[0m
Migrating to CreateGitUsers (20210329200423)
  [1m[36mTRANSACTION (0.4ms)[0m  [1m[35mBEGIN[0m
  [1m[35m (2.4ms)[0m  [1m[35mDROP TABLE "git_users"[0m
  [1m[36mTRANSACTION (0.2ms)[0m  [1m[31mROLLBACK[0m
  [1m[35m (0.2ms)[0m  [1m[34mSELECT pg_advisory_unlock(4869053397680650290)[0m
  [1m[35m (0.4ms)[0m  [1m[34mSELECT pg_try_advisory_lock(4869053397680650290)[0m
  [1m[35m (1.0ms)[0m  [1m[34mSELECT "schema_migrations"."version" FROM "schema_migrations" ORDER BY "schema_migrations"."version" ASC[0m
Migrating to CreateRepositories (20210329212003)
  [1m[36mTRANSACTION (0.1ms)[0m  [1m[35mBEGIN[0m
  [1m[35m (2.2ms)[0m  [1m[35mDROP TABLE "repositories"[0m
  [1m[36mActiveRecord::SchemaMigration Destroy (0.7ms)[0m  [1m[31mDELETE FROM "schema_migrations" WHERE "schema_migrations"."version" = $1[0m  [["version", "20210329212003"]]
  [1m[36mTRANSACTION (4.1ms)[0m  [1m[35mCOMMIT[0m
  [1m[35m (0.4ms)[0m  [1m[34mSELECT pg_advisory_unlock(4869053397680650290)[0m
  [1m[35m (0.8ms)[0m  [1m[34mSELECT "schema_migrations"."version" FROM "schema_migrations" ORDER BY "schema_migrations"."version" ASC[0m
  [1m[35m (0.1ms)[0m  [1m[34mSELECT pg_try_advisory_lock(4869053397680650290)[0m
  [1m[35m (0.9ms)[0m  [1m[34mSELECT "schema_migrations"."version" FROM "schema_migrations" ORDER BY "schema_migrations"."version" ASC[0m
Migrating to CreateGitUsers (20210329200423)
  [1m[36mTRANSACTION (0.3ms)[0m  [1m[35mBEGIN[0m
  [1m[35m (1.6ms)[0m  [1m[35mDROP TABLE "git_users"[0m
  [1m[36mActiveRecord::SchemaMigration Destroy (0.7ms)[0m  [1m[31mDELETE FROM "schema_migrations" WHERE "schema_migrations"."version" = $1[0m  [["version", "20210329200423"]]
  [1m[36mTRANSACTION (4.0ms)[0m  [1m[35mCOMMIT[0m
  [1m[35m (0.5ms)[0m  [1m[34mSELECT pg_advisory_unlock(4869053397680650290)[0m
  [1m[35m (1.8ms)[0m  [1m[34mSELECT "schema_migrations"."version" FROM "schema_migrations" ORDER BY "schema_migrations"."version" ASC[0m
  [1m[35m (0.1ms)[0m  [1m[34mSELECT pg_try_advisory_lock(4869053397680650290)[0m
  [1m[35m (0.6ms)[0m  [1m[34mSELECT "schema_migrations"."version" FROM "schema_migrations" ORDER BY "schema_migrations"."version" ASC[0m
Migrating to CreateGitUsers (20210329200423)
  [1m[36mTRANSACTION (0.2ms)[0m  [1m[35mBEGIN[0m
  [1m[35m (4.3ms)[0m  [1m[35mCREATE TABLE "git_users" ("id" bigserial primary key, "github_id" integer, "login" character varying, "name" character varying, "avatar_url" character varying, "bio" character varying, "location" character varying, "site_admin" boolean, "hireable" boolean, "public_repos" integer, "repos_url" character varying, "followers" integer, "following" integer, "created_at" timestamp(6) NOT NULL, "updated_at" timestamp(6) NOT NULL)[0m
  [1m[36mActiveRecord::SchemaMigration Create (0.6ms)[0m  [1m[32mINSERT INTO "schema_migrations" ("version") VALUES ($1) RETURNING "version"[0m  [["version", "20210329200423"]]
  [1m[36mTRANSACTION (0.7ms)[0m  [1m[35mCOMMIT[0m
Migrating to CreateGitUserClients (20210329201133)
  [1m[36mTRANSACTION (0.4ms)[0m  [1m[35mBEGIN[0m
  [1m[35m (9.0ms)[0m  [1m[35mCREATE TABLE "git_user_clients" ("id" bigserial primary key, "client_id" bigint NOT NULL, "git_user_id" bigint NOT NULL, "created_at" timestamp(6) NOT NULL, "updated_at" timestamp(6) NOT NULL, CONSTRAINT "fk_rails_455a451382"
FOREIGN KEY ("client_id")
  REFERENCES "clients" ("id")
, CONSTRAINT "fk_rails_60b7d992ef"
FOREIGN KEY ("git_user_id")
  REFERENCES "git_users" ("id")
)[0m
  [1m[35m (2.1ms)[0m  [1m[35mCREATE INDEX "index_git_user_clients_on_client_id" ON "git_user_clients" ("client_id")[0m
  [1m[35m (1.2ms)[0m  [1m[35mCREATE INDEX "index_git_user_clients_on_git_user_id" ON "git_user_clients" ("git_user_id")[0m
  [1m[36mActiveRecord::SchemaMigration Create (0.5ms)[0m  [1m[32mINSERT INTO "schema_migrations" ("version") VALUES ($1) RETURNING "version"[0m  [["version", "20210329201133"]]
  [1m[36mTRANSACTION (0.5ms)[0m  [1m[35mCOMMIT[0m
Migrating to CreateRepositories (20210329212003)
  [1m[36mTRANSACTION (0.5ms)[0m  [1m[35mBEGIN[0m
  [1m[35m (5.7ms)[0m  [1m[35mCREATE TABLE "repositories" ("id" bigserial primary key, "git_user_id" bigint NOT NULL, "repo_id" integer, "description" character varying, "html_url" character varying, "language" character varying, "size" integer, "forks_count" integer, "commits" integer, "events_url" character varying, "last_commit_date" timestamp, "watchers" integer, "stargazers_count" integer, "created_at" timestamp(6) NOT NULL, "updated_at" timestamp(6) NOT NULL, CONSTRAINT "fk_rails_3d49481a60"
FOREIGN KEY ("git_user_id")
  REFERENCES "git_users" ("id")
)[0m
  [1m[35m (1.0ms)[0m  [1m[35mCREATE INDEX "index_repositories_on_git_user_id" ON "repositories" ("git_user_id")[0m
  [1m[36mActiveRecord::SchemaMigration Create (0.7ms)[0m  [1m[32mINSERT INTO "schema_migrations" ("version") VALUES ($1) RETURNING "version"[0m  [["version", "20210329212003"]]
  [1m[36mTRANSACTION (2.1ms)[0m  [1m[35mCOMMIT[0m
  [1m[36mActiveRecord::InternalMetadata Load (0.9ms)[0m  [1m[34mSELECT "ar_internal_metadata".* FROM "ar_internal_metadata" WHERE "ar_internal_metadata"."key" = $1 LIMIT $2[0m  [["key", "environment"], ["LIMIT", 1]]
  [1m[35m (38.5ms)[0m  [1m[34mSELECT pg_advisory_unlock(4869053397680650290)[0m
  [1m[35m (0.7ms)[0m  [1m[34mSELECT "schema_migrations"."version" FROM "schema_migrations" ORDER BY "schema_migrations"."version" ASC[0m
  [1m[35m (2.6ms)[0m  [1m[34mSELECT "schema_migrations"."version" FROM "schema_migrations" ORDER BY "schema_migrations"."version" ASC[0m
  [1m[35m (1.4ms)[0m  [1m[34mSELECT "schema_migrations"."version" FROM "schema_migrations" ORDER BY "schema_migrations"."version" ASC[0m
  [1m[35m (0.8ms)[0m  [1m[34mSELECT "ar_internal_metadata"."value" FROM "ar_internal_metadata" WHERE "ar_internal_metadata"."key" = $1[0m  [["key", "environment"]]
  [1m[35m (0.2ms)[0m  [1m[34mSELECT "schema_migrations"."version" FROM "schema_migrations" ORDER BY "schema_migrations"."version" ASC[0m
  [1m[35m (0.2ms)[0m  [1m[34mSELECT "ar_internal_metadata"."value" FROM "ar_internal_metadata" WHERE "ar_internal_metadata"."key" = $1[0m  [["key", "environment"]]
  [1m[35m (0.2ms)[0m  [1m[34mSELECT "schema_migrations"."version" FROM "schema_migrations" ORDER BY "schema_migrations"."version" ASC[0m
  [1m[35m (0.2ms)[0m  [1m[34mSELECT "ar_internal_metadata"."value" FROM "ar_internal_metadata" WHERE "ar_internal_metadata"."key" = $1[0m  [["key", "environment"]]
  [1m[35m (35.6ms)[0m  [1m[35mDROP DATABASE IF EXISTS "gitbook_development"[0m
  [1m[35m (37.7ms)[0m  [1m[35mDROP DATABASE IF EXISTS "gitbook_test"[0m
  [1m[35m (171.4ms)[0m  [1m[35mCREATE DATABASE "gitbook_development" ENCODING = 'unicode'[0m
  [1m[35m (78.0ms)[0m  [1m[35mCREATE DATABASE "gitbook_test" ENCODING = 'unicode'[0m
  [1m[35mSQL (0.4ms)[0m  [1m[35mCREATE EXTENSION IF NOT EXISTS "plpgsql"[0m
  [1m[35m (0.2ms)[0m  [1m[35mDROP TABLE IF EXISTS "clients" CASCADE[0m
  [1m[35m (8.9ms)[0m  [1m[35mCREATE TABLE "clients" ("id" bigserial primary key, "first_name" character varying, "last_name" character varying, "location" character varying, "username" character varying, "created_at" timestamp(6) NOT NULL, "updated_at" timestamp(6) NOT NULL)[0m
  [1m[35m (0.5ms)[0m  [1m[35mDROP TABLE IF EXISTS "git_user_clients" CASCADE[0m
  [1m[35m (6.7ms)[0m  [1m[35mCREATE TABLE "git_user_clients" ("id" bigserial primary key, "client_id" bigint NOT NULL, "git_user_id" bigint NOT NULL, "created_at" timestamp(6) NOT NULL, "updated_at" timestamp(6) NOT NULL)[0m
  [1m[35m (1.9ms)[0m  [1m[35mCREATE INDEX "index_git_user_clients_on_client_id" ON "git_user_clients" ("client_id")[0m
  [1m[35m (2.4ms)[0m  [1m[35mCREATE INDEX "index_git_user_clients_on_git_user_id" ON "git_user_clients" ("git_user_id")[0m
  [1m[35m (0.4ms)[0m  [1m[35mDROP TABLE IF EXISTS "git_users" CASCADE[0m
  [1m[35m (4.2ms)[0m  [1m[35mCREATE TABLE "git_users" ("id" bigserial primary key, "github_id" integer, "login" character varying, "name" character varying, "avatar_url" character varying, "bio" character varying, "location" character varying, "site_admin" boolean, "hireable" boolean, "public_repos" integer, "repos_url" character varying, "followers" integer, "following" integer, "created_at" timestamp(6) NOT NULL, "updated_at" timestamp(6) NOT NULL)[0m
  [1m[35m (0.8ms)[0m  [1m[35mDROP TABLE IF EXISTS "repositories" CASCADE[0m
  [1m[35m (5.1ms)[0m  [1m[35mCREATE TABLE "repositories" ("id" bigserial primary key, "git_user_id" bigint NOT NULL, "repo_id" integer, "description" character varying, "html_url" character varying, "language" character varying, "size" integer, "forks_count" integer, "commits" integer, "events_url" character varying, "last_commit_date" timestamp, "watchers" integer, "stargazers_count" integer, "created_at" timestamp(6) NOT NULL, "updated_at" timestamp(6) NOT NULL)[0m
  [1m[35m (1.2ms)[0m  [1m[35mCREATE INDEX "index_repositories_on_git_user_id" ON "repositories" ("git_user_id")[0m
  [1m[35m (2.6ms)[0m  [1m[35mALTER TABLE "git_user_clients" ADD CONSTRAINT "fk_rails_455a451382"
FOREIGN KEY ("client_id")
  REFERENCES "clients" ("id")
[0m
  [1m[35m (1.3ms)[0m  [1m[35mALTER TABLE "git_user_clients" ADD CONSTRAINT "fk_rails_60b7d992ef"
FOREIGN KEY ("git_user_id")
  REFERENCES "git_users" ("id")
[0m
  [1m[35m (1.6ms)[0m  [1m[35mALTER TABLE "repositories" ADD CONSTRAINT "fk_rails_3d49481a60"
FOREIGN KEY ("git_user_id")
  REFERENCES "git_users" ("id")
[0m
  [1m[35m (3.3ms)[0m  [1m[35mCREATE TABLE "schema_migrations" ("version" character varying NOT NULL PRIMARY KEY)[0m
  [1m[35m (0.6ms)[0m  [1m[34mSELECT "schema_migrations"."version" FROM "schema_migrations" ORDER BY "schema_migrations"."version" ASC[0m
  [1m[35m (1.0ms)[0m  [1m[32mINSERT INTO "schema_migrations" (version) VALUES (20210329212003)[0m
  [1m[35m (0.6ms)[0m  [1m[32mINSERT INTO "schema_migrations" (version) VALUES
(20210329200209),
(20210329200423),
(20210329201133);

[0m
  [1m[35m (3.0ms)[0m  [1m[35mCREATE TABLE "ar_internal_metadata" ("key" character varying NOT NULL PRIMARY KEY, "value" character varying, "created_at" timestamp(6) NOT NULL, "updated_at" timestamp(6) NOT NULL)[0m
  [1m[36mActiveRecord::InternalMetadata Load (0.8ms)[0m  [1m[34mSELECT "ar_internal_metadata".* FROM "ar_internal_metadata" WHERE "ar_internal_metadata"."key" = $1 LIMIT $2[0m  [["key", "environment"], ["LIMIT", 1]]
  [1m[36mTRANSACTION (0.2ms)[0m  [1m[35mBEGIN[0m
  [1m[36mActiveRecord::InternalMetadata Create (0.4ms)[0m  [1m[32mINSERT INTO "ar_internal_metadata" ("key", "value", "created_at", "updated_at") VALUES ($1, $2, $3, $4) RETURNING "key"[0m  [["key", "environment"], ["value", "development"], ["created_at", "2021-03-31 14:36:50.132904"], ["updated_at", "2021-03-31 14:36:50.132904"]]
  [1m[36mTRANSACTION (0.5ms)[0m  [1m[35mCOMMIT[0m
  [1m[36mActiveRecord::InternalMetadata Load (0.3ms)[0m  [1m[34mSELECT "ar_internal_metadata".* FROM "ar_internal_metadata" WHERE "ar_internal_metadata"."key" = $1 LIMIT $2[0m  [["key", "environment"], ["LIMIT", 1]]
  [1m[36mActiveRecord::InternalMetadata Load (0.3ms)[0m  [1m[34mSELECT "ar_internal_metadata".* FROM "ar_internal_metadata" WHERE "ar_internal_metadata"."key" = $1 LIMIT $2[0m  [["key", "schema_sha1"], ["LIMIT", 1]]
  [1m[36mTRANSACTION (0.2ms)[0m  [1m[35mBEGIN[0m
  [1m[36mActiveRecord::InternalMetadata Create (0.4ms)[0m  [1m[32mINSERT INTO "ar_internal_metadata" ("key", "value", "created_at", "updated_at") VALUES ($1, $2, $3, $4) RETURNING "key"[0m  [["key", "schema_sha1"], ["value", "cde0a8dee4e0de623a18271ea7b81fa8f9378e8d"], ["created_at", "2021-03-31 14:36:50.141510"], ["updated_at", "2021-03-31 14:36:50.141510"]]
  [1m[36mTRANSACTION (0.5ms)[0m  [1m[35mCOMMIT[0m
  [1m[35mSQL (0.7ms)[0m  [1m[35mCREATE EXTENSION IF NOT EXISTS "plpgsql"[0m
  [1m[35m (0.2ms)[0m  [1m[35mDROP TABLE IF EXISTS "clients" CASCADE[0m
  [1m[35m (8.3ms)[0m  [1m[35mCREATE TABLE "clients" ("id" bigserial primary key, "first_name" character varying, "last_name" character varying, "location" character varying, "username" character varying, "created_at" timestamp(6) NOT NULL, "updated_at" timestamp(6) NOT NULL)[0m
  [1m[35m (0.3ms)[0m  [1m[35mDROP TABLE IF EXISTS "git_user_clients" CASCADE[0m
  [1m[35m (2.3ms)[0m  [1m[35mCREATE TABLE "git_user_clients" ("id" bigserial primary key, "client_id" bigint NOT NULL, "git_user_id" bigint NOT NULL, "created_at" timestamp(6) NOT NULL, "updated_at" timestamp(6) NOT NULL)[0m
  [1m[35m (1.3ms)[0m  [1m[35mCREATE INDEX "index_git_user_clients_on_client_id" ON "git_user_clients" ("client_id")[0m
  [1m[35m (1.1ms)[0m  [1m[35mCREATE INDEX "index_git_user_clients_on_git_user_id" ON "git_user_clients" ("git_user_id")[0m
  [1m[35m (0.1ms)[0m  [1m[35mDROP TABLE IF EXISTS "git_users" CASCADE[0m
  [1m[35m (3.7ms)[0m  [1m[35mCREATE TABLE "git_users" ("id" bigserial primary key, "github_id" integer, "login" character varying, "name" character varying, "avatar_url" character varying, "bio" character varying, "location" character varying, "site_admin" boolean, "hireable" boolean, "public_repos" integer, "repos_url" character varying, "followers" integer, "following" integer, "created_at" timestamp(6) NOT NULL, "updated_at" timestamp(6) NOT NULL)[0m
  [1m[35m (0.3ms)[0m  [1m[35mDROP TABLE IF EXISTS "repositories" CASCADE[0m
  [1m[35m (3.5ms)[0m  [1m[35mCREATE TABLE "repositories" ("id" bigserial primary key, "git_user_id" bigint NOT NULL, "repo_id" integer, "description" character varying, "html_url" character varying, "language" character varying, "size" integer, "forks_count" integer, "commits" integer, "events_url" character varying, "last_commit_date" timestamp, "watchers" integer, "stargazers_count" integer, "created_at" timestamp(6) NOT NULL, "updated_at" timestamp(6) NOT NULL)[0m
  [1m[35m (1.8ms)[0m  [1m[35mCREATE INDEX "index_repositories_on_git_user_id" ON "repositories" ("git_user_id")[0m
  [1m[35m (2.2ms)[0m  [1m[35mALTER TABLE "git_user_clients" ADD CONSTRAINT "fk_rails_455a451382"
FOREIGN KEY ("client_id")
  REFERENCES "clients" ("id")
[0m
  [1m[35m (1.7ms)[0m  [1m[35mALTER TABLE "git_user_clients" ADD CONSTRAINT "fk_rails_60b7d992ef"
FOREIGN KEY ("git_user_id")
  REFERENCES "git_users" ("id")
[0m
  [1m[35m (1.5ms)[0m  [1m[35mALTER TABLE "repositories" ADD CONSTRAINT "fk_rails_3d49481a60"
FOREIGN KEY ("git_user_id")
  REFERENCES "git_users" ("id")
[0m
  [1m[35m (2.8ms)[0m  [1m[35mCREATE TABLE "schema_migrations" ("version" character varying NOT NULL PRIMARY KEY)[0m
  [1m[35m (0.9ms)[0m  [1m[34mSELECT "schema_migrations"."version" FROM "schema_migrations" ORDER BY "schema_migrations"."version" ASC[0m
  [1m[35m (0.5ms)[0m  [1m[32mINSERT INTO "schema_migrations" (version) VALUES (20210329212003)[0m
  [1m[35m (0.3ms)[0m  [1m[32mINSERT INTO "schema_migrations" (version) VALUES
(20210329200209),
(20210329200423),
(20210329201133);

[0m
  [1m[35m (2.6ms)[0m  [1m[35mCREATE TABLE "ar_internal_metadata" ("key" character varying NOT NULL PRIMARY KEY, "value" character varying, "created_at" timestamp(6) NOT NULL, "updated_at" timestamp(6) NOT NULL)[0m
  [1m[36mActiveRecord::InternalMetadata Load (0.3ms)[0m  [1m[34mSELECT "ar_internal_metadata".* FROM "ar_internal_metadata" WHERE "ar_internal_metadata"."key" = $1 LIMIT $2[0m  [["key", "environment"], ["LIMIT", 1]]
  [1m[36mTRANSACTION (0.2ms)[0m  [1m[35mBEGIN[0m
  [1m[36mActiveRecord::InternalMetadata Create (0.5ms)[0m  [1m[32mINSERT INTO "ar_internal_metadata" ("key", "value", "created_at", "updated_at") VALUES ($1, $2, $3, $4) RETURNING "key"[0m  [["key", "environment"], ["value", "development"], ["created_at", "2021-03-31 14:36:50.246048"], ["updated_at", "2021-03-31 14:36:50.246048"]]
  [1m[36mTRANSACTION (0.4ms)[0m  [1m[35mCOMMIT[0m
  [1m[36mActiveRecord::InternalMetadata Load (0.4ms)[0m  [1m[34mSELECT "ar_internal_metadata".* FROM "ar_internal_metadata" WHERE "ar_internal_metadata"."key" = $1 LIMIT $2[0m  [["key", "environment"], ["LIMIT", 1]]
  [1m[36mTRANSACTION (0.2ms)[0m  [1m[35mBEGIN[0m
  [1m[36mActiveRecord::InternalMetadata Update (0.3ms)[0m  [1m[33mUPDATE "ar_internal_metadata" SET "value" = $1, "updated_at" = $2 WHERE "ar_internal_metadata"."key" = $3[0m  [["value", "test"], ["updated_at", "2021-03-31 14:36:50.251585"], ["key", "environment"]]
  [1m[36mTRANSACTION (0.7ms)[0m  [1m[35mCOMMIT[0m
  [1m[36mActiveRecord::InternalMetadata Load (0.4ms)[0m  [1m[34mSELECT "ar_internal_metadata".* FROM "ar_internal_metadata" WHERE "ar_internal_metadata"."key" = $1 LIMIT $2[0m  [["key", "schema_sha1"], ["LIMIT", 1]]
  [1m[36mTRANSACTION (0.1ms)[0m  [1m[35mBEGIN[0m
  [1m[36mActiveRecord::InternalMetadata Create (0.6ms)[0m  [1m[32mINSERT INTO "ar_internal_metadata" ("key", "value", "created_at", "updated_at") VALUES ($1, $2, $3, $4) RETURNING "key"[0m  [["key", "schema_sha1"], ["value", "cde0a8dee4e0de623a18271ea7b81fa8f9378e8d"], ["created_at", "2021-03-31 14:36:50.256653"], ["updated_at", "2021-03-31 14:36:50.256653"]]
  [1m[36mTRANSACTION (0.5ms)[0m  [1m[35mCOMMIT[0m
  [1m[35m (0.8ms)[0m  [1m[34mSELECT "schema_migrations"."version" FROM "schema_migrations" ORDER BY "schema_migrations"."version" ASC[0m
Started POST "/clients" for ::1 at 2021-03-31 10:50:57 -0400
  [1m[35m (0.7ms)[0m  [1m[34mSELECT "schema_migrations"."version" FROM "schema_migrations" ORDER BY "schema_migrations"."version" ASC[0m
Processing by ClientsController#create as JSON
  Parameters: {"first_name"=>"Jamie", "last_name"=>"Lawrence-Hurt", "location"=>"Brooklyn, NY", "username"=>"ninjacat", "client"=>{"first_name"=>"Jamie", "last_name"=>"Lawrence-Hurt", "location"=>"Brooklyn, NY", "username"=>"ninjacat"}}
[31mUnpermitted parameter: :client[0m
  [1m[36mClient Load (2.4ms)[0m  [1m[34mSELECT "clients".* FROM "clients" WHERE "clients"."first_name" = $1 AND "clients"."last_name" = $2 AND "clients"."username" = $3 AND "clients"."location" = $4 LIMIT $5[0m  [["first_name", "Jamie"], ["last_name", "Lawrence-Hurt"], ["username", "ninjacat"], ["location", "Brooklyn, NY"], ["LIMIT", 1]]
  ↳ app/controllers/clients_controller.rb:5:in `create'
  [1m[36mTRANSACTION (0.3ms)[0m  [1m[35mBEGIN[0m
  ↳ app/controllers/clients_controller.rb:5:in `create'
  [1m[36mClient Create (1.5ms)[0m  [1m[32mINSERT INTO "clients" ("first_name", "last_name", "location", "username", "created_at", "updated_at") VALUES ($1, $2, $3, $4, $5, $6) RETURNING "id"[0m  [["first_name", "Jamie"], ["last_name", "Lawrence-Hurt"], ["location", "Brooklyn, NY"], ["username", "ninjacat"], ["created_at", "2021-03-31 14:50:58.050096"], ["updated_at", "2021-03-31 14:50:58.050096"]]
  ↳ app/controllers/clients_controller.rb:5:in `create'
  [1m[36mTRANSACTION (1.2ms)[0m  [1m[35mCOMMIT[0m
  ↳ app/controllers/clients_controller.rb:5:in `create'
[active_model_serializers]   [1m[36mGitUserClient Load (0.5ms)[0m  [1m[34mSELECT "git_user_clients".* FROM "git_user_clients" WHERE "git_user_clients"."client_id" = $1[0m  [["client_id", 1]]
[active_model_serializers]   ↳ app/controllers/clients_controller.rb:6:in `create'
[active_model_serializers] Rendered ClientSerializer with ActiveModelSerializers::Adapter::Attributes (19.34ms)
Completed 200 OK in 102ms (Views: 54.6ms | ActiveRecord: 15.0ms | Allocations: 16176)


Started POST "/git_users" for ::1 at 2021-03-31 10:51:38 -0400
Processing by GitUsersController#create as JSON
  Parameters: {"github_id"=>651237, "login"=>"evanlh", "name"=>"Evan Lawrence-Hurt", "avatar_url"=>"https://avatars.githubusercontent.com/u/651237?v=4", "bio"=>nil, "location"=>"Brooklyn, NY", "site_admin"=>false, "hireable"=>nil, "public_repos"=>35, "followers"=>21, "following"=>18, "git_user"=>{"github_id"=>651237, "login"=>"evanlh", "name"=>"Evan Lawrence-Hurt", "avatar_url"=>"https://avatars.githubusercontent.com/u/651237?v=4", "bio"=>nil, "location"=>"Brooklyn, NY", "site_admin"=>false, "hireable"=>nil, "public_repos"=>35, "followers"=>21, "following"=>18}}
[31mUnpermitted parameter: :git_user[0m
  [1m[36mGitUser Load (0.7ms)[0m  [1m[34mSELECT "git_users".* FROM "git_users" WHERE "git_users"."github_id" = $1 AND "git_users"."login" = $2 AND "git_users"."name" = $3 AND "git_users"."avatar_url" = $4 AND "git_users"."bio" IS NULL AND "git_users"."location" = $5 AND "git_users"."site_admin" = $6 AND "git_users"."hireable" IS NULL AND "git_users"."public_repos" = $7 AND "git_users"."followers" = $8 AND "git_users"."following" = $9 LIMIT $10[0m  [["github_id", 651237], ["login", "evanlh"], ["name", "Evan Lawrence-Hurt"], ["avatar_url", "https://avatars.githubusercontent.com/u/651237?v=4"], ["location", "Brooklyn, NY"], ["site_admin", false], ["public_repos", 35], ["followers", 21], ["following", 18], ["LIMIT", 1]]
  ↳ app/controllers/git_users_controller.rb:8:in `create'
  [1m[36mTRANSACTION (0.3ms)[0m  [1m[35mBEGIN[0m
  ↳ app/controllers/git_users_controller.rb:8:in `create'
  [1m[36mGitUser Create (1.4ms)[0m  [1m[32mINSERT INTO "git_users" ("github_id", "login", "name", "avatar_url", "location", "site_admin", "public_repos", "followers", "following", "created_at", "updated_at") VALUES ($1, $2, $3, $4, $5, $6, $7, $8, $9, $10, $11) RETURNING "id"[0m  [["github_id", 651237], ["login", "evanlh"], ["name", "Evan Lawrence-Hurt"], ["avatar_url", "https://avatars.githubusercontent.com/u/651237?v=4"], ["location", "Brooklyn, NY"], ["site_admin", false], ["public_repos", 35], ["followers", 21], ["following", 18], ["created_at", "2021-03-31 14:51:38.605457"], ["updated_at", "2021-03-31 14:51:38.605457"]]
  ↳ app/controllers/git_users_controller.rb:8:in `create'
  [1m[36mTRANSACTION (0.8ms)[0m  [1m[35mCOMMIT[0m
  ↳ app/controllers/git_users_controller.rb:8:in `create'
[active_model_serializers]   [1m[36mRepository Load (0.6ms)[0m  [1m[34mSELECT "repositories".* FROM "repositories" WHERE "repositories"."git_user_id" = $1[0m  [["git_user_id", 1]]
[active_model_serializers]   ↳ app/controllers/git_users_controller.rb:9:in `create'
[active_model_serializers]   [1m[36mClient Load (1.1ms)[0m  [1m[34mSELECT "clients".* FROM "clients" INNER JOIN "git_user_clients" ON "clients"."id" = "git_user_clients"."client_id" WHERE "git_user_clients"."git_user_id" = $1[0m  [["git_user_id", 1]]
[active_model_serializers]   ↳ app/controllers/git_users_controller.rb:9:in `create'
[active_model_serializers] Rendered GitUserSerializer with ActiveModelSerializers::Adapter::Attributes (31.49ms)
Completed 200 OK in 63ms (Views: 29.7ms | ActiveRecord: 11.2ms | Allocations: 16013)


